  convert_model.cpp
e:\c++\yocto-gl-master\yocto\yocto_gl.h(3072): warning C4146: 一元负运算符应用于无符号类型，结果仍为无符号类型
e:\c++\yocto-gl-master\yocto\yocto_gl.h(3404): warning C4244: “return”: 从“uint64_t”转换到“uint32_t”，可能丢失数据
e:\c++\yocto-gl-master\yocto\yocto_gl.h(5159): warning C4305: “初始化”: 从“double”到“float”截断
e:\c++\yocto-gl-master\yocto\yocto_gl.h(6000): warning C4305: “参数”: 从“double”到“float”截断
e:\c++\yocto-gl-master\yocto\yocto_gl.h(6004): warning C4305: “初始化”: 从“double”到“float”截断
e:\c++\yocto-gl-master\yocto\yocto_gl.h(8503): warning C4996: 'fopen': This function or variable may be unsafe. Consider using fopen_s instead. To disable deprecation, use _CRT_SECURE_NO_WARNINGS. See online help for details.
  c:\program files (x86)\windows kits\10\include\10.0.14393.0\ucrt\stdio.h(207): note: 参见“fopen”的声明
e:\c++\yocto-gl-master\yocto\yocto_gl.h(8518): warning C4996: 'fopen': This function or variable may be unsafe. Consider using fopen_s instead. To disable deprecation, use _CRT_SECURE_NO_WARNINGS. See online help for details.
  c:\program files (x86)\windows kits\10\include\10.0.14393.0\ucrt\stdio.h(207): note: 参见“fopen”的声明
e:\c++\yocto-gl-master\yocto\yocto_gl.h(8633): warning C4996: 'fopen': This function or variable may be unsafe. Consider using fopen_s instead. To disable deprecation, use _CRT_SECURE_NO_WARNINGS. See online help for details.
  c:\program files (x86)\windows kits\10\include\10.0.14393.0\ucrt\stdio.h(207): note: 参见“fopen”的声明
e:\c++\yocto-gl-master\yocto\yocto_gl.h(8650): warning C4996: 'localtime': This function or variable may be unsafe. Consider using localtime_s instead. To disable deprecation, use _CRT_SECURE_NO_WARNINGS. See online help for details.
  c:\program files (x86)\windows kits\10\include\10.0.14393.0\ucrt\time.h(505): note: 参见“localtime”的声明
e:\c++\yocto-gl-master\yocto\yocto_gl.h(9008): warning C4267: “参数”: 从“size_t”转换到“int”，可能丢失数据
e:\c++\yocto-gl-master\yocto\yocto_gl.h(9015): warning C4267: “参数”: 从“size_t”转换到“int”，可能丢失数据
e:\c++\yocto-gl-master\yocto\yocto_gl.h(9022): warning C4267: “参数”: 从“size_t”转换到“int”，可能丢失数据
e:\c++\yocto-gl-master\yocto\yocto_gl.h(9029): warning C4267: “参数”: 从“size_t”转换到“int”，可能丢失数据
e:\c++\yocto-gl-master\yocto\yocto_gl.h(9035): warning C4267: “参数”: 从“size_t”转换到“int”，可能丢失数据
e:\c++\yocto-gl-master\yocto\yocto_gl.h(9042): warning C4267: “参数”: 从“size_t”转换到“int”，可能丢失数据
e:\c++\yocto-gl-master\yocto\yocto_gl.h(9049): warning C4267: “参数”: 从“size_t”转换到“int”，可能丢失数据
e:\c++\yocto-gl-master\yocto\yocto_gl.h(9056): warning C4267: “参数”: 从“size_t”转换到“int”，可能丢失数据
e:\c++\yocto-gl-master\yocto\yocto_gl.h(9112): warning C4267: “参数”: 从“size_t”转换到“int”，可能丢失数据
e:\c++\yocto-gl-master\yocto\yocto_gl.h(9119): warning C4267: “参数”: 从“size_t”转换到“int”，可能丢失数据
e:\c++\yocto-gl-master\yocto\yocto_gl.h(9126): warning C4267: “参数”: 从“size_t”转换到“int”，可能丢失数据
e:\c++\yocto-gl-master\yocto\yocto_gl.h(9133): warning C4267: “参数”: 从“size_t”转换到“int”，可能丢失数据
e:\c++\yocto-gl-master\convert_model\convert_model.cpp(51): warning C4129: “c”: 不可识别的字符转义序列
e:\c++\yocto-gl-master\convert_model\convert_model.cpp(51): warning C4129: “o”: 不可识别的字符转义序列
convert_model.obj : error LNK2019: 无法解析的外部符号 "struct ygl::glTF * __cdecl ygl::load_gltf(class std::basic_string<char,struct std::char_traits<char>,class std::allocator<char> > const &,bool,bool,bool)" (?load_gltf@ygl@@YAPEAUglTF@1@AEBV?$basic_string@DU?$char_traits@D@std@@V?$allocator@D@2@@std@@_N11@Z)，该符号在函数 main 中被引用
convert_model.obj : error LNK2019: 无法解析的外部符号 "struct ygl::glTF * __cdecl ygl::load_binary_gltf(class std::basic_string<char,struct std::char_traits<char>,class std::allocator<char> > const &,bool,bool,bool)" (?load_binary_gltf@ygl@@YAPEAUglTF@1@AEBV?$basic_string@DU?$char_traits@D@std@@V?$allocator@D@2@@std@@_N11@Z)，该符号在函数 main 中被引用
E:\C++\yocto-gl-master\build\x64\Debug\convert_model.exe : fatal error LNK1120: 2 个无法解析的外部命令
